<?xml version="1.0" encoding="UTF-8"?>
<!-- Generated by org.testng.reporters.JUnitReportReporter -->
<testsuite skipped="0" hostname="C02RK05GG8WL" name="com.springernature.OrangeHRM_HDFClogin_Example" tests="1" failures="0" timestamp="17 Mar 2022 06:23:44 GMT" time="6.175" errors="0">
  <testcase name="hdfc_Login" time="6.175" classname="com.springernature.OrangeHRM_HDFClogin_Example"/>
</testsuite> <!-- com.springernature.OrangeHRM_HDFClogin_Example -->
