<?xml version="1.0" encoding="UTF-8"?>
<!-- Generated by org.testng.reporters.JUnitReportReporter -->
<testsuite skipped="0" hostname="C02RK05GG8WL" name="com.springernature.ReadJson" tests="1" failures="0" timestamp="22 Mar 2022 04:40:45 GMT" time="14.095" errors="0">
  <testcase name="Flight_Login" time="14.095" classname="com.springernature.ReadJson"/>
</testsuite> <!-- com.springernature.ReadJson -->
