<?xml version="1.0" encoding="UTF-8"?>
<!-- Generated by org.testng.reporters.JUnitReportReporter -->
<testsuite skipped="0" hostname="C02RK05GG8WL" name="com.springernature.OrangeHRM_TestNG_Priority" tests="2" failures="0" timestamp="17 Mar 2022 06:23:44 GMT" time="0.000" errors="0">
  <testcase name="second_Scenario" time="0.000" classname="com.springernature.OrangeHRM_TestNG_Priority"/>
  <testcase name="first_Scenario" time="0.000" classname="com.springernature.OrangeHRM_TestNG_Priority"/>
</testsuite> <!-- com.springernature.OrangeHRM_TestNG_Priority -->
