<?xml version="1.0" encoding="UTF-8"?>
<!-- Generated by org.testng.reporters.JUnitReportReporter -->
<testsuite skipped="0" hostname="C02RK05GG8WL" name="com.springernature.OrangeHRM_All_LoginScenario" tests="5" failures="0" timestamp="16 Mar 2022 05:11:39 GMT" time="12.425" errors="0">
  <testcase name="LoginAllCases" time="0.126" classname="com.springernature.OrangeHRM_All_LoginScenario"/>
  <testcase name="LoginAllCases" time="1.575" classname="com.springernature.OrangeHRM_All_LoginScenario"/>
  <testcase name="LoginAllCases" time="9.222" classname="com.springernature.OrangeHRM_All_LoginScenario"/>
  <testcase name="LoginAllCases" time="1.239" classname="com.springernature.OrangeHRM_All_LoginScenario"/>
  <testcase name="LoginAllCases" time="0.263" classname="com.springernature.OrangeHRM_All_LoginScenario"/>
</testsuite> <!-- com.springernature.OrangeHRM_All_LoginScenario -->
