<?xml version="1.0" encoding="UTF-8"?>
<!-- Generated by org.testng.reporters.JUnitReportReporter -->
<testsuite skipped="0" hostname="C02RK05GG8WL" name="com.springernature.Smoke_Suite" tests="1" failures="0" timestamp="17 Mar 2022 06:23:44 GMT" time="0.004" errors="0">
  <testcase name="smoke_Batch_Execution" time="0.004" classname="com.springernature.Smoke_Suite"/>
</testsuite> <!-- com.springernature.Smoke_Suite -->
