<?xml version="1.0" encoding="UTF-8"?>
<!-- Generated by org.testng.reporters.JUnitReportReporter -->
<testsuite skipped="0" hostname="C02RK05GG8WL" name="com.springernature.OrangeHRM_Login_Parameter" tests="3" failures="0" timestamp="16 Mar 2022 06:15:13 GMT" time="26.547" errors="0">
  <testcase name="login" time="8.551" classname="com.springernature.OrangeHRM_Login_Parameter"/>
  <testcase name="login" time="9.166" classname="com.springernature.OrangeHRM_Login_Parameter"/>
  <testcase name="login" time="8.830" classname="com.springernature.OrangeHRM_Login_Parameter"/>
</testsuite> <!-- com.springernature.OrangeHRM_Login_Parameter -->
