<?xml version="1.0" encoding="UTF-8"?>
<!-- Generated by org.testng.reporters.JUnitReportReporter -->
<testsuite skipped="0" hostname="C02RK05GG8WL" name="com.springernature.Parallel_Method_Execution" tests="3" failures="0" timestamp="20 Mar 2022 13:11:00 GMT" time="52.016" errors="0">
  <testcase name="FirefoxTest" time="18.902" classname="com.springernature.Parallel_Method_Execution"/>
  <testcase name="SafariTest" time="16.061" classname="com.springernature.Parallel_Method_Execution"/>
  <testcase name="ChromeTest" time="17.053" classname="com.springernature.Parallel_Method_Execution"/>
</testsuite> <!-- com.springernature.Parallel_Method_Execution -->
