<?xml version="1.0" encoding="UTF-8"?>
<!-- Generated by org.testng.reporters.JUnitReportReporter -->
<testsuite skipped="0" hostname="C02RK05GG8WL" name="com.springernature.OrangeHRM_TestNG" tests="2" failures="0" timestamp="14 Mar 2022 05:35:56 GMT" time="0.005" errors="0">
  <testcase name="second_Scenario" time="0.004" classname="com.springernature.OrangeHRM_TestNG"/>
  <testcase name="first_Scenario" time="0.001" classname="com.springernature.OrangeHRM_TestNG"/>
</testsuite> <!-- com.springernature.OrangeHRM_TestNG -->
