<?xml version="1.0" encoding="UTF-8"?>
<!-- Generated by org.testng.reporters.JUnitReportReporter -->
<testsuite skipped="0" hostname="C02RK05GG8WL" name="com.springernature.OrangeHRM_DataDriven_Testing" tests="4" failures="0" timestamp="16 Mar 2022 04:35:42 GMT" time="24.114" errors="0">
  <testcase name="Login_Valid_Scenario" time="5.154" classname="com.springernature.OrangeHRM_DataDriven_Testing"/>
  <testcase name="Login_Valid_Scenario" time="8.571" classname="com.springernature.OrangeHRM_DataDriven_Testing"/>
  <testcase name="Login_Valid_Scenario" time="5.285" classname="com.springernature.OrangeHRM_DataDriven_Testing"/>
  <testcase name="Login_Valid_Scenario" time="5.104" classname="com.springernature.OrangeHRM_DataDriven_Testing"/>
</testsuite> <!-- com.springernature.OrangeHRM_DataDriven_Testing -->
