<?xml version="1.0" encoding="UTF-8"?>
<!-- Generated by org.testng.reporters.JUnitReportReporter -->
<testsuite skipped="0" hostname="C02RK05GG8WL" name="com.springernature.OrangeHRM_Navigate_Example" tests="1" failures="0" timestamp="17 Mar 2022 06:23:44 GMT" time="16.800" errors="0">
  <testcase name="login_scenario" time="16.800" classname="com.springernature.OrangeHRM_Navigate_Example"/>
</testsuite> <!-- com.springernature.OrangeHRM_Navigate_Example -->
