<?xml version="1.0" encoding="UTF-8"?>
<!-- Generated by org.testng.reporters.JUnitReportReporter -->
<testsuite skipped="0" hostname="C02RK05GG8WL" name="com.springernature.Headless_Browser" tests="1" failures="0" timestamp="22 Mar 2022 05:41:11 GMT" time="18.194" errors="0">
  <testcase name="Chrome_Headless" time="18.194" classname="com.springernature.Headless_Browser"/>
</testsuite> <!-- com.springernature.Headless_Browser -->
