<?xml version="1.0" encoding="UTF-8"?>
<!-- Generated by org.testng.reporters.JUnitReportReporter -->
<testsuite skipped="0" hostname="C02RK05GG8WL" name="com.springernature.OrangeHRM_Login_Using_Xpath" tests="1" failures="0" timestamp="14 Mar 2022 06:03:06 GMT" time="6.451" errors="0">
  <testcase name="Login_Valid_Scenario_GC" time="6.451" classname="com.springernature.OrangeHRM_Login_Using_Xpath"/>
</testsuite> <!-- com.springernature.OrangeHRM_Login_Using_Xpath -->
