<?xml version="1.0" encoding="UTF-8"?>
<!-- Generated by org.testng.reporters.JUnitReportReporter -->
<testsuite skipped="0" hostname="C02RK05GG8WL" name="com.springernature.ReadDatafromPropertiesFile" tests="1" failures="0" timestamp="22 Mar 2022 05:01:28 GMT" time="28.837" errors="0">
  <testcase name="Flight_Login" time="28.837" classname="com.springernature.ReadDatafromPropertiesFile"/>
</testsuite> <!-- com.springernature.ReadDatafromPropertiesFile -->
