<?xml version="1.0" encoding="UTF-8"?>
<!-- Generated by org.testng.reporters.JUnitReportReporter -->
<testsuite skipped="0" hostname="C02RK05GG8WL" name="com.springernature.JS_Alert_Example" tests="3" failures="0" timestamp="15 Mar 2022 07:02:02 GMT" time="0.634" errors="0">
  <testcase name="jsAlert" time="0.262" classname="com.springernature.JS_Alert_Example"/>
  <testcase name="jsConfirm" time="0.234" classname="com.springernature.JS_Alert_Example"/>
  <testcase name="jsPrompt" time="0.138" classname="com.springernature.JS_Alert_Example"/>
</testsuite> <!-- com.springernature.JS_Alert_Example -->
